<?xml version="1.0" encoding="UTF-8"?>
<!-- Generated by org.testng.reporters.JUnitXMLReporter -->
<testsuite ignored="0" hostname="DESKTOP-14GEMGR" failures="0" tests="3" name="Default test" time="28.961" errors="0" timestamp="2024-01-27T14:07:24 IST">
  <testcase classname="swaglab_testscripts1.SwagLabCartValidation" name="testcart" time="0.834"/>
  <testcase classname="swaglab_testscripts1.SwagLabCartValidation" name="testCheckoutOverview" time="1.137"/>
  <testcase classname="swaglab_testscripts1.SwagLabCartValidation" name="testSucessMeg" time="0.003"/>
</testsuite> <!-- Default test -->
