<?xml version="1.0" encoding="UTF-8"?>
<testng-results ignored="0" total="2" passed="2" failed="0" skipped="0">
  <reporter-output>
  </reporter-output>
  <suite started-at="2024-01-27T22:15:37 IST" name="Suite" finished-at="2024-01-27T22:15:52 IST" duration-ms="14339">
    <groups>
    </groups>
    <test started-at="2024-01-27T22:15:37 IST" name="Test" finished-at="2024-01-27T22:15:52 IST" duration-ms="14339">
      <class name="swaglab_testscripts.SwagLabValidation">
        <test-method is-config="true" signature="precondition()[pri:0, instance:swaglab_testscripts.SwagLabValidation@16612a51]" started-at="2024-01-27T22:15:37 IST" name="precondition" finished-at="2024-01-27T22:15:47 IST" duration-ms="10025" status="PASS">
          <reporter-output>
          </reporter-output>
        </test-method> <!-- precondition -->
        <test-method signature="testLoginLogout()[pri:1, instance:swaglab_testscripts.SwagLabValidation@16612a51]" started-at="2024-01-27T22:15:47 IST" name="testLoginLogout" finished-at="2024-01-27T22:15:49 IST" duration-ms="1301" status="PASS">
          <reporter-output>
          </reporter-output>
        </test-method> <!-- testLoginLogout -->
        <test-method signature="testShoppingOnSwagLab()[pri:2, instance:swaglab_testscripts.SwagLabValidation@16612a51]" started-at="2024-01-27T22:15:49 IST" name="testShoppingOnSwagLab" finished-at="2024-01-27T22:15:50 IST" duration-ms="1713" status="PASS">
          <reporter-output>
          </reporter-output>
        </test-method> <!-- testShoppingOnSwagLab -->
        <test-method is-config="true" signature="tearDown()[pri:0, instance:swaglab_testscripts.SwagLabValidation@16612a51]" started-at="2024-01-27T22:15:50 IST" name="tearDown" finished-at="2024-01-27T22:15:52 IST" duration-ms="1169" status="PASS">
          <reporter-output>
          </reporter-output>
        </test-method> <!-- tearDown -->
      </class> <!-- swaglab_testscripts.SwagLabValidation -->
    </test> <!-- Test -->
  </suite> <!-- Suite -->
</testng-results>
