<?xml version="1.0" encoding="UTF-8"?>
<testng-results ignored="0" total="3" passed="3" failed="0" skipped="0">
  <reporter-output>
  </reporter-output>
  <suite started-at="2024-01-27T14:06:55 IST" name="Default suite" finished-at="2024-01-27T14:07:24 IST" duration-ms="28961">
    <groups>
    </groups>
    <test started-at="2024-01-27T14:06:55 IST" name="Default test" finished-at="2024-01-27T14:07:24 IST" duration-ms="28961">
      <class name="swaglab_testscripts1.SwagLabCartValidation">
        <test-method is-config="true" signature="precondition()[pri:0, instance:swaglab_testscripts1.SwagLabCartValidation@54e041a4]" started-at="2024-01-27T14:06:56 IST" name="precondition" finished-at="2024-01-27T14:07:21 IST" duration-ms="25810" status="PASS">
          <reporter-output>
          </reporter-output>
        </test-method> <!-- precondition -->
        <test-method signature="testcart()[pri:1, instance:swaglab_testscripts1.SwagLabCartValidation@54e041a4]" started-at="2024-01-27T14:07:21 IST" name="testcart" finished-at="2024-01-27T14:07:22 IST" duration-ms="834" status="PASS">
          <reporter-output>
          </reporter-output>
        </test-method> <!-- testcart -->
        <test-method signature="testCheckoutOverview()[pri:2, instance:swaglab_testscripts1.SwagLabCartValidation@54e041a4]" started-at="2024-01-27T14:07:22 IST" name="testCheckoutOverview" finished-at="2024-01-27T14:07:23 IST" duration-ms="1137" status="PASS">
          <reporter-output>
          </reporter-output>
        </test-method> <!-- testCheckoutOverview -->
        <test-method signature="testSucessMeg()[pri:3, instance:swaglab_testscripts1.SwagLabCartValidation@54e041a4]" started-at="2024-01-27T14:07:23 IST" name="testSucessMeg" finished-at="2024-01-27T14:07:23 IST" duration-ms="3" status="PASS">
          <reporter-output>
          </reporter-output>
        </test-method> <!-- testSucessMeg -->
        <test-method is-config="true" signature="tearDown()[pri:0, instance:swaglab_testscripts1.SwagLabCartValidation@54e041a4]" started-at="2024-01-27T14:07:23 IST" name="tearDown" finished-at="2024-01-27T14:07:24 IST" duration-ms="1074" status="PASS">
          <reporter-output>
          </reporter-output>
        </test-method> <!-- tearDown -->
      </class> <!-- swaglab_testscripts1.SwagLabCartValidation -->
    </test> <!-- Default test -->
  </suite> <!-- Default suite -->
</testng-results>
