<?xml version="1.0" encoding="UTF-8"?>
<testng-results ignored="0" total="1" passed="1" failed="0" skipped="0">
  <reporter-output>
  </reporter-output>
  <suite started-at="2024-01-23T07:13:40 IST" name="Default suite" finished-at="2024-01-23T07:14:11 IST" duration-ms="30528">
    <groups>
    </groups>
    <test started-at="2024-01-23T07:13:40 IST" name="Default test" finished-at="2024-01-23T07:14:11 IST" duration-ms="30528">
      <class name="swag.example1">
        <test-method signature="swag()[pri:0, instance:swag.example1@76a4ebf2]" started-at="2024-01-23T07:13:40 IST" name="swag" finished-at="2024-01-23T07:14:11 IST" duration-ms="30421" status="PASS">
          <reporter-output>
          </reporter-output>
        </test-method> <!-- swag -->
      </class> <!-- swag.example1 -->
    </test> <!-- Default test -->
  </suite> <!-- Default suite -->
</testng-results>
