<?xml version="1.0" encoding="UTF-8"?>
<!-- Generated by org.testng.reporters.JUnitXMLReporter -->
<testsuite ignored="0" hostname="DESKTOP-14GEMGR" failures="0" tests="4" name="Testing Parameterization" time="26.775" errors="0" timestamp="2024-01-19T09:43:31 IST">
  <testcase classname="AdvanceTestNG.Parameterization" name="testCaseOne" time="0.013"/>
  <testcase classname="AdvanceTestNG.Parameterization" name="testCaseTwo" time="0.007"/>
  <testcase classname="AdvanceTestNG.Parameterization" name="testCaseThree" time="0.003"/>
  <testcase classname="AdvanceTestNG.Parameterization" name="testLoginOfVtiger" time="26.645"/>
</testsuite> <!-- Testing Parameterization -->
