<?xml version="1.0" encoding="UTF-8"?>
<!-- Generated by org.testng.reporters.JUnitXMLReporter -->
<testsuite ignored="0" hostname="DESKTOP-14GEMGR" failures="0" tests="4" name="Test" time="0.179" errors="0" timestamp="2024-01-19T09:04:21 IST">
  <testcase classname="AdvanceTestNG.GroupingExample1" name="testcase1" time="0.02"/>
  <testcase classname="AdvanceTestNG.GroupingExample1" name="testcase2" time="0.003"/>
  <testcase classname="AdvanceTestNG.GroupingExample1" name="testcase3" time="0.007"/>
  <testcase classname="AdvanceTestNG.GroupingExample1" name="testcase4" time="0.001"/>
</testsuite> <!-- Test -->
