<?xml version="1.0" encoding="UTF-8"?>
<!-- Generated by org.testng.reporters.JUnitXMLReporter -->
<testsuite ignored="3" hostname="DESKTOP-14GEMGR" failures="0" tests="1" name="testing" time="0.152" errors="0" timestamp="2024-01-19T09:08:47 IST">
  <testcase classname="AdvanceTestNG.GroupingExample1" name="testcase2" time="0.028"/>
  <testcase classname="AdvanceTestNG.GroupingExample1" name="testcase1" time="0.0">
    <ignored/>
  </testcase> <!-- testcase1 -->
  <testcase classname="AdvanceTestNG.GroupingExample1" name="testcase4" time="0.0">
    <ignored/>
  </testcase> <!-- testcase4 -->
  <testcase classname="AdvanceTestNG.GroupingExample1" name="testcase3" time="0.0">
    <ignored/>
  </testcase> <!-- testcase3 -->
</testsuite> <!-- testing -->
