<?xml version="1.0" encoding="UTF-8"?>
<!-- Generated by org.testng.reporters.JUnitXMLReporter -->
<testsuite ignored="1" hostname="DESKTOP-14GEMGR" failures="0" tests="3" name="Default test(failed)" time="39.962" errors="0" timestamp="2024-01-19T10:47:01 IST">
  <testcase classname="AdvanceTestNG.DataProviderMethod" name="testLoginOfVtiger" time="22.524"/>
  <testcase classname="AdvanceTestNG.DataProviderMethod" name="testLoginOfVtiger" time="8.626"/>
  <testcase classname="AdvanceTestNG.DataProviderMethod" name="testLoginOfVtiger" time="8.742"/>
  <testcase classname="AdvanceTestNG.DataProviderMethod" name="setData" time="0.0">
    <ignored/>
  </testcase> <!-- setData -->
</testsuite> <!-- Default test(failed) -->
